// 重构日志: 1e9be71f
// 重构日志: ab3ffea0
// 重构日志: bed6588e
// 重构日志: 78adfe5e
// 重构日志: 7d2a55d3
// 重构日志: d69b2bb6
// 重构日志: 532b9487
// 同步 ID: 3645dba3 @ Fri Jul  3 20:57:46 UTC 2026
// 同步 ID: 36e139bc @ Sun Jul  5 05:07:14 UTC 2026
// 重构日志: edf5f0db
// 同步 ID: d4e7973c @ Tue Jul  7 13:04:52 UTC 2026
// 重构日志: a0216bf1
// 同步 ID: fbda6f2e @ Fri Jul 10 12:07:33 UTC 2026
// 同步 ID: 81b43a3c @ Sun Jul 12 00:50:40 UTC 2026
// 同步 ID: e706318e @ Sun Jul 12 12:01:38 UTC 2026
// 同步 ID: 0cc5bf15 @ Sun Jul 12 22:04:17 UTC 2026
// 同步 ID: e2a5feed @ Mon Jul 13 03:51:00 UTC 2026
// 重构日志: 2b7f6fbe
// 重构日志: dd77cf2c
// 重构日志: 9ed5b4e0
// 重构日志: 4bb3cb0d
// 同步 ID: 56c2eff8 @ Thu Jul 16 12:01:18 UTC 2026
// 同步 ID: 31376153 @ Thu Jul 16 17:07:18 UTC 2026
// 同步 ID: ab7a8106 @ Thu Jul 16 23:28:09 UTC 2026
// 重构日志: 1d0226cc
// 重构日志: 3e93bb08
// 重构日志: 1f8d3054
// 重构日志: 7c22dae5
// 同步 ID: be1a2274 @ Sun Jul 19 09:32:27 UTC 2026
// 同步 ID: f4689803 @ Mon Jul 20 23:05:32 UTC 2026
// 重构日志: 44211d09
// 重构日志: c44f546c
